0 info it worked if it ends with ok
1 verbose cli [ '/usr/bin/nodejs', '/usr/bin/npm', 'start' ]
2 info using npm@3.5.2
3 info using node@v4.2.6
4 verbose run-script [ 'prestart', 'start', 'poststart' ]
5 info lifecycle learning-angular-2@0.0.1~prestart: learning-angular-2@0.0.1
6 verbose lifecycle learning-angular-2@0.0.1~prestart: unsafe-perm in lifecycle true
7 verbose lifecycle learning-angular-2@0.0.1~prestart: PATH: /usr/share/npm/bin/node-gyp-bin:/home/sixtey7/git/LearningAngular2/node_modules/.bin:/usr/local/sbin:/usr/local/bin:/usr/sbin:/usr/bin:/sbin:/bin:/usr/games:/usr/local/games:/home/sixtey7/npm/bin
8 verbose lifecycle learning-angular-2@0.0.1~prestart: CWD: /home/sixtey7/git/LearningAngular2
9 silly lifecycle learning-angular-2@0.0.1~prestart: Args: [ '-c', 'tsc' ]
10 silly lifecycle learning-angular-2@0.0.1~prestart: Returned: code: 2  signal: null
11 info lifecycle learning-angular-2@0.0.1~prestart: Failed to exec prestart script
12 verbose stack Error: learning-angular-2@0.0.1 prestart: `tsc`
12 verbose stack Exit status 2
12 verbose stack     at EventEmitter.<anonymous> (/usr/share/npm/lib/utils/lifecycle.js:232:16)
12 verbose stack     at emitTwo (events.js:87:13)
12 verbose stack     at EventEmitter.emit (events.js:172:7)
12 verbose stack     at ChildProcess.<anonymous> (/usr/share/npm/lib/utils/spawn.js:24:14)
12 verbose stack     at emitTwo (events.js:87:13)
12 verbose stack     at ChildProcess.emit (events.js:172:7)
12 verbose stack     at maybeClose (internal/child_process.js:821:16)
12 verbose stack     at Process.ChildProcess._handle.onexit (internal/child_process.js:211:5)
13 verbose pkgid learning-angular-2@0.0.1
14 verbose cwd /home/sixtey7/git/LearningAngular2
15 error Linux 4.4.0-47-generic
16 error argv "/usr/bin/nodejs" "/usr/bin/npm" "start"
17 error node v4.2.6
18 error npm  v3.5.2
19 error code ELIFECYCLE
20 error learning-angular-2@0.0.1 prestart: `tsc`
20 error Exit status 2
21 error Failed at the learning-angular-2@0.0.1 prestart script 'tsc'.
21 error Make sure you have the latest version of node.js and npm installed.
21 error If you do, this is most likely a problem with the learning-angular-2 package,
21 error not with npm itself.
21 error Tell the author that this fails on your system:
21 error     tsc
21 error You can get information on how to open an issue for this project with:
21 error     npm bugs learning-angular-2
21 error Or if that isn't available, you can get their info via:
21 error     npm owner ls learning-angular-2
21 error There is likely additional logging output above.
22 verbose exit [ 1, true ]
